<?xml version="1.0" encoding="UTF-8"?>
<testsuite xmlns:xsi="http://www.w3.org/2001/XMLSchema-instance" xsi:noNamespaceSchemaLocation="https://maven.apache.org/surefire/maven-surefire-plugin/xsd/surefire-test-report-3.0.xsd" version="3.0" name="com.qsh.aicodehelper.AiCodeHelperIntegrationTest" time="80.014" tests="6" errors="0" skipped="0" failures="0">
  <properties>
[...]
</properties>
  <testcase name="testExplainEndpoint" classname="com.qsh.aicodehelper.AiCodeHelperIntegrationTest" time="14.684">
    <system-out><![CDATA[13:25:44.574 [main] INFO org.springframework.test.context.support.AnnotationConfigContextLoaderUtils -- Could not detect default configuration classes for test class [com.qsh.aicodehelper.AiCodeHelperIntegrationTest]: AiCodeHelperIntegrationTest does not declare any static, non-private, non-final, nested classes annotated with @Configuration.
13:25:44.663 [main] INFO org.springframework.boot.test.context.SpringBootTestContextBootstrapper -- Found @SpringBootConfiguration com.qsh.aicodehelper.AiCodeHelperOpenaiApplication for test class com.qsh.aicodehelper.AiCodeHelperIntegrationTest

  .   ____          _            __ _ _
 /\\ / ___'_ __ _ _(_)_ __  __ _ \ \ \ \
( ( )\___ | '_ | '_| | '_ \/ _` | \ \ \ \
 \\/  ___)| |_)| | | | | || (_| |  ) ) ) )
  '  |____| .__|_| |_|_| |_\__, | / / / /
 =========|_|==============|___/=/_/_/_/
 :: Spring Boot ::                (v3.2.0)

2026-04-10 13:25:44 - Starting AiCodeHelperIntegrationTest using Java 17.0.11 with PID 33760 (started by htk1 in F:\workspace\ai-code-helper-openai)
2026-04-10 13:25:44 - Running with Spring Boot v3.2.0, Spring v6.1.1
2026-04-10 13:25:44 - No active profile set, falling back to 1 default profile: "default"
2026-04-10 13:25:45 - Bootstrapping Spring Data JPA repositories in DEFAULT mode.
2026-04-10 13:25:45 - Finished Spring Data repository scanning in 95 ms. Found 3 JPA repository interfaces.
2026-04-10 13:25:46 - HHH000204: Processing PersistenceUnitInfo [name: default]
2026-04-10 13:25:46 - HHH000412: Hibernate ORM core version 6.3.1.Final
2026-04-10 13:25:46 - HHH000026: Second-level cache disabled
2026-04-10 13:25:46 - No LoadTimeWeaver setup: ignoring JPA class transformer
2026-04-10 13:25:46 - HikariPool-1 - Starting...
2026-04-10 13:25:46 - HikariPool-1 - Added connection org.postgresql.jdbc.PgConnection@35e75f7a
2026-04-10 13:25:46 - HikariPool-1 - Start completed.
2026-04-10 13:25:46 - HHH000511: The 9.6.0 version for [org.hibernate.dialect.PostgreSQLDialect] is no longer supported, hence certain features may not work properly. The minimum supported version is 11.0.0. Check the community dialects project for available legacy versions.
2026-04-10 13:25:46 - HHH90000025: PostgreSQLDialect does not need to be specified explicitly using 'hibernate.dialect' (remove the property setting and it will be selected by default)
2026-04-10 13:25:47 - HHH000489: No JTA platform available (set 'hibernate.transaction.jta.platform' to enable JTA platform integration)
2026-04-10 13:25:47 - Initialized JPA EntityManagerFactory for persistence unit 'default'
2026-04-10 13:25:47 - Hibernate is in classpath; If applicable, HQL parser will be used.
2026-04-10 13:25:48 - spring.jpa.open-in-view is enabled by default. Therefore, database queries may be performed during view rendering. Explicitly configure spring.jpa.open-in-view to disable this warning
2026-04-10 13:25:48 - Adding welcome page: class path resource [static/index.html]
2026-04-10 13:25:49 - Will secure any request with [org.springframework.security.web.session.DisableEncodeUrlFilter@92a584f, org.springframework.security.web.context.request.async.WebAsyncManagerIntegrationFilter@36e23af, org.springframework.security.web.context.SecurityContextHolderFilter@24f6f6bf, org.springframework.security.web.header.HeaderWriterFilter@3c964873, org.springframework.web.filter.CorsFilter@5e4a9c16, org.springframework.security.web.authentication.logout.LogoutFilter@6acedf54, com.qsh.aicodehelper.filter.JwtAuthenticationFilter@22b8eaf0, org.springframework.security.web.savedrequest.RequestCacheAwareFilter@59e02113, org.springframework.security.web.servletapi.SecurityContextHolderAwareRequestFilter@59a79420, org.springframework.security.web.authentication.AnonymousAuthenticationFilter@544ee437, org.springframework.security.web.session.SessionManagementFilter@5b6b5888, org.springframework.security.web.access.ExceptionTranslationFilter@b0e903a, org.springframework.security.web.access.intercept.AuthorizationFilter@17c95612]
2026-04-10 13:25:49 - Filter 'jwtAuthenticationFilter' configured for use
2026-04-10 13:25:49 - Initializing Spring TestDispatcherServlet ''
2026-04-10 13:25:49 - Initializing Servlet ''
2026-04-10 13:25:49 - Completed initialization in 0 ms
2026-04-10 13:25:49 - Started AiCodeHelperIntegrationTest in 4.767 seconds (process running for 5.473)
2026-04-10 13:25:49 - Securing POST /api/ai-helper/explain
2026-04-10 13:25:49 - Cache miss for REQUEST dispatch to '/api/ai-helper/explain' (previous null). Performing CorsConfiguration lookup. This is logged once only at WARN level, and every time at TRACE.
2026-04-10 13:25:49 - Set SecurityContextHolder to anonymous SecurityContext
2026-04-10 13:25:49 - Secured POST /api/ai-helper/explain
]]></system-out>
  </testcase>
  <testcase name="testOptimizeEndpoint" classname="com.qsh.aicodehelper.AiCodeHelperIntegrationTest" time="8.459">
    <system-out><![CDATA[2026-04-10 13:26:04 - Securing POST /api/ai-helper/optimize
2026-04-10 13:26:04 - Set SecurityContextHolder to anonymous SecurityContext
2026-04-10 13:26:04 - Secured POST /api/ai-helper/optimize
]]></system-out>
  </testcase>
  <testcase name="testChatEndpoint" classname="com.qsh.aicodehelper.AiCodeHelperIntegrationTest" time="8.897">
    <system-out><![CDATA[2026-04-10 13:26:12 - Securing POST /api/ai-helper/chat
2026-04-10 13:26:12 - Set SecurityContextHolder to anonymous SecurityContext
2026-04-10 13:26:12 - Secured POST /api/ai-helper/chat
Java is a high-level, class-based, object-oriented programming language developed by Sun Microsystems (now owned by Oracle Corporation) in the mid-1990s. It was designed with the principle of "write once, run anywhere" (WORA), meaning that compiled Java code can run on all platforms that support Java without the need for recompilation.

### Key Features of Java:

1. **Platform Independence**  
   Java code is compiled into bytecode, which runs on the **Java Virtual Machine (JVM)**. Since the JVM is available for many operating systems (Windows, macOS, Linux, etc.), Java programs are highly portable.

2. **Object-Oriented**  
   Java supports core OOP concepts like classes, objects, inheritance, polymorphism, encapsulation, and abstraction.

3. **Robust and Secure**  
   Java has strong memory management, automatic garbage collection, exception handling, and built-in security features (e.g., bytecode verification, sandboxing) to prevent malicious activities.

4. **Multithreading**  
   Java provides built-in support for multithreaded programming, allowing concurrent execution of multiple threads for better performance.

5. **Automatic Memory Management**  
   Java uses a garbage collector to automatically reclaim memory occupied by objects that are no longer in use, reducing the risk of memory leaks.

6. **Rich Standard Library (API)**  
   Java comes with a vast collection of pre-built classes and methods in the Java Standard Library (e.g., collections, networking, I/O, utilities), which speeds up development.

7. **High Performance**  
   While Java is interpreted via the JVM, Just-In-Time (JIT) compilation allows it to achieve performance close to native languages like C++.

8. **Distributed Computing**  
   Java supports networking and distributed applications through APIs like RMI (Remote Method Invocation) and support for web services.

---

### Common Uses of Java:
- **Web Applications** (using frameworks like Spring, Hibernate)
- **Mobile Applications** (Android development primarily uses Java/Kotlin)
- **Enterprise Software** (banking, e-commerce, ERP systems)
- **Desktop GUI Applications** (using Swing or JavaFX)
- **Big Data Technologies** (Hadoop, Spark are written in Java/Scala)
- **Embedded Systems and IoT**

---

### Simple Java Example:
```java
public class HelloWorld {
    public static void main(String[] args) {
        System.out.println("Hello, World!");
    }
}
```

To run this:
1. Save as `HelloWorld.java`
2. Compile: `javac HelloWorld.java`
3. Run: `java HelloWorld`

---

### Summary:
Java is a versatile, reliable, and widely-used programming language known for its portability, scalability, and strong community support. It remains one of the most popular languages in the world, especially in enterprise environments.
]]></system-out>
  </testcase>
  <testcase name="testCodeReviewEndpoint" classname="com.qsh.aicodehelper.AiCodeHelperIntegrationTest" time="19.011">
    <system-out><![CDATA[2026-04-10 13:26:21 - Securing POST /api/ai-helper/code-review
2026-04-10 13:26:21 - Set SecurityContextHolder to anonymous SecurityContext
2026-04-10 13:26:21 - Secured POST /api/ai-helper/code-review
]]></system-out>
  </testcase>
  <testcase name="testChatWithoutSessionId" classname="com.qsh.aicodehelper.AiCodeHelperIntegrationTest" time="9.823">
    <system-out><![CDATA[2026-04-10 13:26:40 - Securing POST /api/ai-helper/chat
2026-04-10 13:26:40 - Set SecurityContextHolder to anonymous SecurityContext
2026-04-10 13:26:40 - Secured POST /api/ai-helper/chat
Here are several implementations of a Java method to calculate factorial:

## 1. Iterative Approach (Recommended)

```java
public static long factorial(int n) {
    if (n < 0) {
        throw new IllegalArgumentException("Factorial is not defined for negative numbers");
    }
    
    long result = 1;
    for (int i = 2; i <= n; i++) {
        result *= i;
    }
    return result;
}
```

## 2. Recursive Approach

```java
public static long factorial(int n) {
    if (n < 0) {
        throw new IllegalArgumentException("Factorial is not defined for negative numbers");
    }
    
    if (n == 0 || n == 1) {
        return 1;
    }
    
    return n * factorial(n - 1);
}
```

## 3. Tail-Recursive Approach (More efficient recursion)

```java
public static long factorial(int n) {
    if (n < 0) {
        throw new IllegalArgumentException("Factorial is not defined for negative numbers");
    }
    
    return factorialHelper(n, 1);
}

private static long factorialHelper(int n, long accumulator) {
    if (n == 0 || n == 1) {
        return accumulator;
    }
    return factorialHelper(n - 1, n * accumulator);
}
```

## 4. BigInteger Version (for large numbers)

```java
import java.math.BigInteger;

public static BigInteger factorial(int n) {
    if (n < 0) {
        throw new IllegalArgumentException("Factorial is not defined for negative numbers");
    }
    
    BigInteger result = BigInteger.ONE;
    for (int i = 2; i <= n; i++) {
        result = result.multiply(BigInteger.valueOf(i));
    }
    return result;
}
```

## Usage Example

```java
public class FactorialExample {
    public static void main(String[] args) {
        // Test the factorial method
        System.out.println(factorial(5)); // Output: 120
        System.out.println(factorial(0)); // Output: 1
        System.out.println(factorial(10)); // Output: 3628800
        
        // For very large numbers, use BigInteger version
        System.out.println(factorial(50)); // May overflow with long
    }
}
```

## Key Points:

- **Iterative approach** is generally preferred as it's more memory-efficient and avoids stack overflow
- **Input validation** is important - factorial is only defined for non-negative integers
- **Overflow consideration**: `long` can only handle factorials up to 20! (2,432,902,008,176,640,000)
- For larger values, use the **BigInteger** version
- **Time complexity**: O(n) for all approaches
- **Space complexity**: O(1) for iterative, O(n) for recursive due to call stack

The iterative approach is recommended for most use cases due to its simplicity and efficiency.
]]></system-out>
  </testcase>
  <testcase name="testDebugEndpoint" classname="com.qsh.aicodehelper.AiCodeHelperIntegrationTest" time="14.022">
    <system-out><![CDATA[2026-04-10 13:26:50 - Securing POST /api/ai-helper/debug
2026-04-10 13:26:50 - Set SecurityContextHolder to anonymous SecurityContext
2026-04-10 13:26:50 - Secured POST /api/ai-helper/debug
]]></system-out>
  </testcase>
</testsuite>