<?xml version="1.0" encoding="UTF-8"?>
<testsuite xmlns:xsi="http://www.w3.org/2001/XMLSchema-instance" xsi:noNamespaceSchemaLocation="https://maven.apache.org/surefire/maven-surefire-plugin/xsd/surefire-test-report-3.0.xsd" version="3.0" name="com.qsh.aicodehelper.AuthTest" time="0.686" tests="1" errors="0" skipped="0" failures="0">
  <properties>
[...]
</properties>
  <testcase name="testContextLoads" classname="com.qsh.aicodehelper.AuthTest" time="0.002">
    <system-out><![CDATA[2026-04-10 13:27:04 - Could not detect default configuration classes for test class [com.qsh.aicodehelper.AuthTest]: AuthTest does not declare any static, non-private, non-final, nested classes annotated with @Configuration.
2026-04-10 13:27:04 - Found @SpringBootConfiguration com.qsh.aicodehelper.AiCodeHelperOpenaiApplication for test class com.qsh.aicodehelper.AuthTest

  .   ____          _            __ _ _
 /\\ / ___'_ __ _ _(_)_ __  __ _ \ \ \ \
( ( )\___ | '_ | '_| | '_ \/ _` | \ \ \ \
 \\/  ___)| |_)| | | | | || (_| |  ) ) ) )
  '  |____| .__|_| |_|_| |_\__, | / / / /
 =========|_|==============|___/=/_/_/_/
 :: Spring Boot ::                (v3.2.0)

2026-04-10 13:27:04 - Starting AuthTest using Java 17.0.11 with PID 33760 (started by htk1 in F:\workspace\ai-code-helper-openai)
2026-04-10 13:27:04 - Running with Spring Boot v3.2.0, Spring v6.1.1
2026-04-10 13:27:04 - No active profile set, falling back to 1 default profile: "default"
2026-04-10 13:27:04 - Bootstrapping Spring Data JPA repositories in DEFAULT mode.
2026-04-10 13:27:04 - Finished Spring Data repository scanning in 11 ms. Found 3 JPA repository interfaces.
2026-04-10 13:27:04 - HHH000204: Processing PersistenceUnitInfo [name: default]
2026-04-10 13:27:04 - HHH000026: Second-level cache disabled
2026-04-10 13:27:04 - No LoadTimeWeaver setup: ignoring JPA class transformer
2026-04-10 13:27:04 - HikariPool-2 - Starting...
2026-04-10 13:27:04 - HikariPool-2 - Added connection org.postgresql.jdbc.PgConnection@7e2e1179
2026-04-10 13:27:04 - HikariPool-2 - Start completed.
2026-04-10 13:27:04 - HHH000511: The 9.6.0 version for [org.hibernate.dialect.PostgreSQLDialect] is no longer supported, hence certain features may not work properly. The minimum supported version is 11.0.0. Check the community dialects project for available legacy versions.
2026-04-10 13:27:04 - HHH90000025: PostgreSQLDialect does not need to be specified explicitly using 'hibernate.dialect' (remove the property setting and it will be selected by default)
2026-04-10 13:27:04 - HHH000489: No JTA platform available (set 'hibernate.transaction.jta.platform' to enable JTA platform integration)
2026-04-10 13:27:04 - Initialized JPA EntityManagerFactory for persistence unit 'default'
2026-04-10 13:27:04 - spring.jpa.open-in-view is enabled by default. Therefore, database queries may be performed during view rendering. Explicitly configure spring.jpa.open-in-view to disable this warning
2026-04-10 13:27:05 - Adding welcome page: class path resource [static/index.html]
2026-04-10 13:27:05 - Will secure any request with [org.springframework.security.web.session.DisableEncodeUrlFilter@3b866e7d, org.springframework.security.web.context.request.async.WebAsyncManagerIntegrationFilter@6e7b0234, org.springframework.security.web.context.SecurityContextHolderFilter@46d52510, org.springframework.security.web.header.HeaderWriterFilter@17d188c5, org.springframework.web.filter.CorsFilter@1fb0c411, org.springframework.security.web.authentication.logout.LogoutFilter@69b783ea, com.qsh.aicodehelper.filter.JwtAuthenticationFilter@361a1ec3, org.springframework.security.web.savedrequest.RequestCacheAwareFilter@2d908f18, org.springframework.security.web.servletapi.SecurityContextHolderAwareRequestFilter@369cadcf, org.springframework.security.web.authentication.AnonymousAuthenticationFilter@34784a86, org.springframework.security.web.session.SessionManagementFilter@c619ee, org.springframework.security.web.access.ExceptionTranslationFilter@c4cec4e, org.springframework.security.web.access.intercept.AuthorizationFilter@1357069f]
2026-04-10 13:27:05 - Started AuthTest in 0.674 seconds (process running for 81.078)
2026-04-10 13:27:05 - AuthService bean loaded: true
2026-04-10 13:27:05 - Authentication service is available
]]></system-out>
  </testcase>
</testsuite>