<?xml version="1.0" encoding="UTF-8"?>
<testsuite xmlns:xsi="http://www.w3.org/2001/XMLSchema-instance" xsi:noNamespaceSchemaLocation="https://maven.apache.org/surefire/maven-surefire-plugin/xsd/surefire-test-report-3.0.xsd" version="3.0" name="com.qsh.aicodehelper.controller.AiCodeHelperControllerTest" time="0.562" tests="5" errors="0" skipped="0" failures="1">
  <properties>
[...]
</properties>
  <testcase name="testExplain" classname="com.qsh.aicodehelper.controller.AiCodeHelperControllerTest" time="0.449">
    <system-out><![CDATA[2026-04-10 13:27:05 - Initializing Spring TestDispatcherServlet ''
2026-04-10 13:27:05 - Initializing Servlet ''
2026-04-10 13:27:05 - Completed initialization in 2 ms
]]></system-out>
  </testcase>
  <testcase name="testCodeReview" classname="com.qsh.aicodehelper.controller.AiCodeHelperControllerTest" time="0.016">
    <system-out><![CDATA[2026-04-10 13:27:05 - Initializing Spring TestDispatcherServlet ''
2026-04-10 13:27:05 - Initializing Servlet ''
2026-04-10 13:27:05 - Completed initialization in 0 ms
]]></system-out>
  </testcase>
  <testcase name="testDebug" classname="com.qsh.aicodehelper.controller.AiCodeHelperControllerTest" time="0.011">
    <system-out><![CDATA[2026-04-10 13:27:05 - Initializing Spring TestDispatcherServlet ''
2026-04-10 13:27:05 - Initializing Servlet ''
2026-04-10 13:27:05 - Completed initialization in 0 ms
]]></system-out>
  </testcase>
  <testcase name="testChat" classname="com.qsh.aicodehelper.controller.AiCodeHelperControllerTest" time="0.013">
    <system-out><![CDATA[2026-04-10 13:27:05 - Initializing Spring TestDispatcherServlet ''
2026-04-10 13:27:05 - Initializing Servlet ''
2026-04-10 13:27:05 - Completed initialization in 0 ms
This is a test response for chat
]]></system-out>
  </testcase>
  <testcase name="testOptimize" classname="com.qsh.aicodehelper.controller.AiCodeHelperControllerTest" time="0.044">
    <failure message="Status expected:&lt;200&gt; but was:&lt;400&gt;" type="java.lang.AssertionError"><![CDATA[java.lang.AssertionError: Status expected:<200> but was:<400>
	at org.springframework.test.util.AssertionErrors.fail(AssertionErrors.java:59)
	at org.springframework.test.util.AssertionErrors.assertEquals(AssertionErrors.java:122)
	at org.springframework.test.web.servlet.result.StatusResultMatchers.lambda$matcher$9(StatusResultMatchers.java:637)
	at org.springframework.test.web.servlet.MockMvc$1.andExpect(MockMvc.java:214)
	at com.qsh.aicodehelper.controller.AiCodeHelperControllerTest.testOptimize(AiCodeHelperControllerTest.java:99)
	at java.base/java.lang.reflect.Method.invoke(Method.java:568)
	at java.base/java.util.ArrayList.forEach(ArrayList.java:1511)
	at java.base/java.util.ArrayList.forEach(ArrayList.java:1511)
]]></failure>
    <system-out><![CDATA[2026-04-10 13:27:05 - Initializing Spring TestDispatcherServlet ''
2026-04-10 13:27:05 - Initializing Servlet ''
2026-04-10 13:27:05 - Completed initialization in 0 ms
2026-04-10 13:27:05 - Resolved [org.springframework.http.converter.HttpMessageNotReadableException: JSON parse error: Unexpected character ('"' (code 34)): was expecting comma to separate Object entries]
]]></system-out>
  </testcase>
</testsuite>